<?xml version="1.0" encoding="UTF-8"?>
<!-- Generated by org.testng.reporters.JUnitReportReporter -->
<testsuite hostname="SHARANYA" failures="0" tests="1" name="functionaltestcases.Script03_ShoppingCart_Test" time="5.456" errors="0" timestamp="2024-06-06T19:42:51 IST" skipped="0">
  <testcase classname="functionaltestcases.Script03_ShoppingCart_Test" name="shoppingCartScrip03" time="5.456"/>
  <system-out/>
</testsuite> <!-- functionaltestcases.Script03_ShoppingCart_Test -->
