<?xml version="1.0" encoding="UTF-8"?>
<!-- Generated by org.testng.reporters.JUnitReportReporter -->
<testsuite hostname="SHARANYA" failures="0" tests="1" name="functionaltestcases.Script02_Computer_Test" time="5.512" errors="0" timestamp="2024-06-06T19:38:05 IST" skipped="0">
  <testcase classname="functionaltestcases.Script02_Computer_Test" name="computerScript02" time="5.512"/>
  <system-out/>
</testsuite> <!-- functionaltestcases.Script02_Computer_Test -->
