<?xml version="1.0" encoding="UTF-8"?>
<!-- Generated by org.testng.reporters.JUnitReportReporter -->
<testsuite hostname="SHARANYA" failures="0" tests="1" name="functionaltestcases.Script05_Wishlist_Test" time="5.293" errors="0" timestamp="2024-06-06T19:54:49 IST" skipped="0">
  <testcase classname="functionaltestcases.Script05_Wishlist_Test" name="wishlistScript05" time="5.293"/>
  <system-out/>
</testsuite> <!-- functionaltestcases.Script05_Wishlist_Test -->
