<?xml version="1.0" encoding="UTF-8"?>
<!-- Generated by org.testng.reporters.JUnitReportReporter -->
<testsuite hostname="SHARANYA" failures="0" tests="1" name="integrationtestcases.Script03_ShoppingCart_Test" time="5.663" errors="0" timestamp="2024-06-07T21:05:45 IST" skipped="0">
  <testcase classname="integrationtestcases.Script03_ShoppingCart_Test" name="shoppingcartScript03" time="5.663"/>
  <system-out/>
</testsuite> <!-- integrationtestcases.Script03_ShoppingCart_Test -->
