<?xml version="1.0" encoding="UTF-8"?>
<!-- Generated by org.testng.reporters.JUnitReportReporter -->
<testsuite hostname="SHARANYA" failures="0" tests="1" name="functionaltestcases.Script04_SearchStore_Test" time="5.567" errors="0" timestamp="2024-06-06T19:49:58 IST" skipped="0">
  <testcase classname="functionaltestcases.Script04_SearchStore_Test" name="searchStoreScript04" time="5.567"/>
  <system-out/>
</testsuite> <!-- functionaltestcases.Script04_SearchStore_Test -->
