<?xml version="1.0" encoding="UTF-8"?>
<!-- Generated by org.testng.reporters.JUnitReportReporter -->
<testsuite hostname="SHARANYA" failures="0" tests="1" name="functionaltestcases.Script01_Book_Test" time="5.826" errors="0" timestamp="2024-06-06T19:34:28 IST" skipped="0">
  <testcase classname="functionaltestcases.Script01_Book_Test" name="loginScript01" time="5.826"/>
  <system-out/>
</testsuite> <!-- functionaltestcases.Script01_Book_Test -->
