<?xml version="1.0" encoding="UTF-8"?>
<!-- Generated by org.testng.reporters.JUnitReportReporter -->
<testsuite hostname="SHARANYA" failures="0" tests="1" name="integrationtestcases.Script02_Electronics_Test" time="8.500" errors="0" timestamp="2024-06-07T20:53:24 IST" skipped="0">
  <testcase classname="integrationtestcases.Script02_Electronics_Test" name="electronicsScript02" time="8.500"/>
  <system-out/>
</testsuite> <!-- integrationtestcases.Script02_Electronics_Test -->
