<?xml version="1.0" encoding="UTF-8"?>
<!-- Generated by org.testng.reporters.JUnitReportReporter -->
<testsuite hostname="SHARANYA" failures="0" tests="1" name="integrationtestcases.Script01_Register_Test" time="13.213" errors="0" timestamp="2024-06-06T20:43:28 IST" skipped="0">
  <testcase classname="integrationtestcases.Script01_Register_Test" name="registerScript01" time="13.213"/>
  <system-out/>
</testsuite> <!-- integrationtestcases.Script01_Register_Test -->
